<?xml version="1.0" encoding="UTF-8"?>
<!-- Generated by org.testng.reporters.JUnitXMLReporter -->
<testsuite ignored="2" hostname="DESKTOP-66NG6LL" failures="0" tests="1" name="Default test" time="19.813" errors="0" timestamp="2023-11-29T22:46:44 IST">
  <testcase classname="com.w3schools.tests.LoginTest" name="clickBrowseTutorialLink" time="19.75"/>
  <testcase classname="com.w3schools.tests.LoginTest" name="loginwithInvalidCredentials" time="0.0">
    <ignored/>
  </testcase> <!-- loginwithInvalidCredentials -->
  <testcase classname="com.w3schools.tests.LoginTest" name="loginWithvalidCredentials" time="0.0">
    <ignored/>
  </testcase> <!-- loginWithvalidCredentials -->
</testsuite> <!-- Default test -->
