<?xml version="1.0" encoding="UTF-8"?>
<!-- Generated by org.testng.reporters.JUnitXMLReporter -->
<testsuite ignored="2" hostname="DESKTOP-66NG6LL" failures="0" tests="1" name="Test" time="24.959" errors="0" timestamp="2023-12-07T20:12:20 IST">
  <testcase classname="com.w3schools.tests.LoginTest" name="clickBrowseTutorialLink" time="24.913"/>
  <testcase classname="com.w3schools.tests.LoginTest" name="loginwithInvalidCredentials" time="0.0">
    <ignored/>
  </testcase> <!-- loginwithInvalidCredentials -->
  <testcase classname="com.w3schools.tests.LoginTest" name="loginWithvalidCredentials" time="0.0">
    <ignored/>
  </testcase> <!-- loginWithvalidCredentials -->
</testsuite> <!-- Test -->
