<?xml version="1.0" encoding="UTF-8"?>
<!-- Generated by org.testng.reporters.JUnitXMLReporter -->
<testsuite ignored="1" hostname="DESKTOP-66NG6LL" failures="0" tests="2" name="UIFramework" time="88.413" errors="0" timestamp="2023-10-28T10:14:53 IST">
  <testcase classname="com.w3schools.tests.LoginTest" name="loginwithInvalidCredentials" time="75.305"/>
  <testcase classname="com.w3schools.tests.LoginTest" name="loginwithInvalidCredentials" time="13.061"/>
  <testcase classname="com.w3schools.tests.LoginTest" name="loginWithvalidCredentials" time="0.0">
    <ignored/>
  </testcase> <!-- loginWithvalidCredentials -->
</testsuite> <!-- UIFramework -->
