<?xml version="1.0" encoding="UTF-8"?>
<!-- Generated by org.testng.reporters.JUnitXMLReporter -->
<testsuite ignored="1" hostname="DESKTOP-66NG6LL" failures="0" tests="2" name="Test" time="32.157" errors="0" timestamp="2023-12-01T10:04:29 IST">
  <testcase classname="com.w3schools.tests.LoginTest" name="clickBrowseTutorialLink" time="18.03"/>
  <testcase classname="com.w3schools.tests.LoginTest" name="loginWithvalidCredentials" time="14.092"/>
  <testcase classname="com.w3schools.tests.LoginTest" name="loginwithInvalidCredentials" time="0.0">
    <ignored/>
  </testcase> <!-- loginwithInvalidCredentials -->
</testsuite> <!-- Test -->
