<?xml version="1.0" encoding="UTF-8"?>
<testng-results ignored="1" total="3" passed="2" failed="0" skipped="0">
  <reporter-output>
  </reporter-output>
  <suite started-at="2023-12-01T10:03:57 IST" name="Suite" finished-at="2023-12-01T10:04:29 IST" duration-ms="32157">
    <groups>
    </groups>
    <test started-at="2023-12-01T10:03:57 IST" name="Test" finished-at="2023-12-01T10:04:29 IST" duration-ms="32157">
      <class name="com.w3schools.utils.Reports">
        <test-method is-config="true" signature="startReport()[pri:0, instance:com.w3schools.utils.Reports@1c7696c6]" started-at="2023-12-01T10:03:56 IST" name="startReport" finished-at="2023-12-01T10:03:57 IST" duration-ms="217" status="PASS">
          <reporter-output>
          </reporter-output>
        </test-method> <!-- startReport -->
        <test-method is-config="true" signature="endReport()[pri:0, instance:com.w3schools.utils.Reports@1c7696c6]" started-at="2023-12-01T10:04:29 IST" name="endReport" finished-at="2023-12-01T10:04:30 IST" duration-ms="633" status="PASS">
          <reporter-output>
          </reporter-output>
        </test-method> <!-- endReport -->
      </class> <!-- com.w3schools.utils.Reports -->
      <class name="com.w3schools.tests.LoginTest">
        <test-method signature="clickBrowseTutorialLink(java.lang.String,java.lang.String)[pri:0, instance:com.w3schools.tests.LoginTest@46cdf8bd]" started-at="2023-12-01T10:03:57 IST" name="clickBrowseTutorialLink" data-provider="testDataForLogin" finished-at="2023-12-01T10:04:15 IST" duration-ms="18030" status="PASS">
          <params>
            <param index="0">
              <value>
                <![CDATA[vijivasuteju1786@gmail.com]]>
              </value>
            </param>
            <param index="1">
              <value>
                <![CDATA[Saisai@31]]>
              </value>
            </param>
          </params>
          <reporter-output>
          </reporter-output>
        </test-method> <!-- clickBrowseTutorialLink -->
        <test-method signature="loginWithvalidCredentials(java.lang.String,java.lang.String)[pri:0, instance:com.w3schools.tests.LoginTest@46cdf8bd]" started-at="2023-12-01T10:04:15 IST" name="loginWithvalidCredentials" data-provider="testDataForLogin" finished-at="2023-12-01T10:04:29 IST" duration-ms="14092" status="PASS">
          <params>
            <param index="0">
              <value>
                <![CDATA[vijivasuteju1786@gmail.com]]>
              </value>
            </param>
            <param index="1">
              <value>
                <![CDATA[Saisai@31]]>
              </value>
            </param>
          </params>
          <reporter-output>
          </reporter-output>
        </test-method> <!-- loginWithvalidCredentials -->
      </class> <!-- com.w3schools.tests.LoginTest -->
    </test> <!-- Test -->
  </suite> <!-- Suite -->
</testng-results>
