<?xml version="1.0" encoding="UTF-8"?>
<testng-results ignored="2" total="3" passed="1" failed="0" skipped="0">
  <reporter-output>
  </reporter-output>
  <suite started-at="2023-12-07T20:11:55 IST" name="Suite" finished-at="2023-12-07T20:12:20 IST" duration-ms="24959">
    <groups>
    </groups>
    <test started-at="2023-12-07T20:11:55 IST" name="Test" finished-at="2023-12-07T20:12:20 IST" duration-ms="24959">
      <class name="com.w3schools.utils.Reports">
        <test-method is-config="true" signature="startReport()[pri:0, instance:com.w3schools.utils.Reports@350aac89]" started-at="2023-12-07T20:11:55 IST" name="startReport" finished-at="2023-12-07T20:11:55 IST" duration-ms="291" status="PASS">
          <reporter-output>
          </reporter-output>
        </test-method> <!-- startReport -->
        <test-method is-config="true" signature="endReport()[pri:0, instance:com.w3schools.utils.Reports@350aac89]" started-at="2023-12-07T20:12:20 IST" name="endReport" finished-at="2023-12-07T20:12:20 IST" duration-ms="17" status="PASS">
          <reporter-output>
          </reporter-output>
        </test-method> <!-- endReport -->
      </class> <!-- com.w3schools.utils.Reports -->
      <class name="com.w3schools.tests.LoginTest">
        <test-method signature="clickBrowseTutorialLink(java.lang.String,java.lang.String)[pri:0, instance:com.w3schools.tests.LoginTest@18271936]" started-at="2023-12-07T20:11:55 IST" name="clickBrowseTutorialLink" data-provider="testDataForLogin" finished-at="2023-12-07T20:12:20 IST" duration-ms="24913" status="PASS">
          <params>
            <param index="0">
              <value>
                <![CDATA[vijivasuteju1786@gmail.com]]>
              </value>
            </param>
            <param index="1">
              <value>
                <![CDATA[Saisai@31]]>
              </value>
            </param>
          </params>
          <reporter-output>
          </reporter-output>
        </test-method> <!-- clickBrowseTutorialLink -->
      </class> <!-- com.w3schools.tests.LoginTest -->
    </test> <!-- Test -->
  </suite> <!-- Suite -->
</testng-results>
