<?xml version="1.0" encoding="UTF-8"?>
<testng-results ignored="2" total="3" passed="1" failed="0" skipped="0">
  <reporter-output>
  </reporter-output>
  <suite started-at="2023-11-29T22:46:24 IST" name="Default suite" finished-at="2023-11-29T22:46:44 IST" duration-ms="19813">
    <groups>
    </groups>
    <test started-at="2023-11-29T22:46:24 IST" name="Default test" finished-at="2023-11-29T22:46:44 IST" duration-ms="19813">
      <class name="com.w3schools.tests.LoginTest">
        <test-method signature="clickBrowseTutorialLink(java.lang.String,java.lang.String)[pri:0, instance:com.w3schools.tests.LoginTest@25ce9dc4]" started-at="2023-11-29T22:46:24 IST" name="clickBrowseTutorialLink" data-provider="testDataForLogin" finished-at="2023-11-29T22:46:44 IST" duration-ms="19750" status="PASS">
          <params>
            <param index="0">
              <value>
                <![CDATA[vijivasuteju1786@gmail.com]]>
              </value>
            </param>
            <param index="1">
              <value>
                <![CDATA[Saisai@31]]>
              </value>
            </param>
          </params>
          <reporter-output>
          </reporter-output>
        </test-method> <!-- clickBrowseTutorialLink -->
      </class> <!-- com.w3schools.tests.LoginTest -->
    </test> <!-- Default test -->
  </suite> <!-- Default suite -->
</testng-results>
